mode: set
github.com/matias-ziliotto/HackthonGo/internal/customer/repository.go:33.59,37.2 1 1
github.com/matias-ziliotto/HackthonGo/internal/customer/repository.go:43.88,47.16 3 1
github.com/matias-ziliotto/HackthonGo/internal/customer/repository.go:51.2,51.22 1 1
github.com/matias-ziliotto/HackthonGo/internal/customer/repository.go:47.16,49.3 1 1
github.com/matias-ziliotto/HackthonGo/internal/customer/repository.go:54.117,58.37 3 1
github.com/matias-ziliotto/HackthonGo/internal/customer/repository.go:66.2,68.16 3 1
github.com/matias-ziliotto/HackthonGo/internal/customer/repository.go:72.2,76.16 3 1
github.com/matias-ziliotto/HackthonGo/internal/customer/repository.go:80.2,81.16 2 1
github.com/matias-ziliotto/HackthonGo/internal/customer/repository.go:85.2,85.23 1 1
github.com/matias-ziliotto/HackthonGo/internal/customer/repository.go:58.37,64.3 5 1
github.com/matias-ziliotto/HackthonGo/internal/customer/repository.go:68.16,70.3 1 1
github.com/matias-ziliotto/HackthonGo/internal/customer/repository.go:76.16,78.3 1 1
github.com/matias-ziliotto/HackthonGo/internal/customer/repository.go:81.16,83.3 1 0
github.com/matias-ziliotto/HackthonGo/internal/customer/repository.go:88.117,91.16 2 1
github.com/matias-ziliotto/HackthonGo/internal/customer/repository.go:95.2,97.18 2 1
github.com/matias-ziliotto/HackthonGo/internal/customer/repository.go:107.2,107.39 1 1
github.com/matias-ziliotto/HackthonGo/internal/customer/repository.go:91.16,93.3 1 1
github.com/matias-ziliotto/HackthonGo/internal/customer/repository.go:97.18,100.17 3 1
github.com/matias-ziliotto/HackthonGo/internal/customer/repository.go:104.3,104.90 1 1
github.com/matias-ziliotto/HackthonGo/internal/customer/repository.go:100.17,102.4 1 0
github.com/matias-ziliotto/HackthonGo/internal/customer/repository.go:110.122,113.16 2 1
github.com/matias-ziliotto/HackthonGo/internal/customer/repository.go:117.2,119.18 2 1
github.com/matias-ziliotto/HackthonGo/internal/customer/repository.go:130.2,130.37 1 1
github.com/matias-ziliotto/HackthonGo/internal/customer/repository.go:113.16,115.3 1 1
github.com/matias-ziliotto/HackthonGo/internal/customer/repository.go:119.18,123.17 4 1
github.com/matias-ziliotto/HackthonGo/internal/customer/repository.go:127.3,127.84 1 1
github.com/matias-ziliotto/HackthonGo/internal/customer/repository.go:123.17,125.4 1 0
github.com/matias-ziliotto/HackthonGo/internal/customer/service.go:22.64,26.2 1 1
github.com/matias-ziliotto/HackthonGo/internal/customer/service.go:32.85,35.16 2 1
github.com/matias-ziliotto/HackthonGo/internal/customer/service.go:39.2,39.22 1 1
github.com/matias-ziliotto/HackthonGo/internal/customer/service.go:35.16,37.3 1 1
github.com/matias-ziliotto/HackthonGo/internal/customer/service.go:42.85,45.16 2 1
github.com/matias-ziliotto/HackthonGo/internal/customer/service.go:49.2,51.28 2 1
github.com/matias-ziliotto/HackthonGo/internal/customer/service.go:74.2,74.25 1 1
github.com/matias-ziliotto/HackthonGo/internal/customer/service.go:78.2,80.16 2 1
github.com/matias-ziliotto/HackthonGo/internal/customer/service.go:84.2,84.28 1 1
github.com/matias-ziliotto/HackthonGo/internal/customer/service.go:45.16,47.3 1 0
github.com/matias-ziliotto/HackthonGo/internal/customer/service.go:51.28,57.19 5 1
github.com/matias-ziliotto/HackthonGo/internal/customer/service.go:57.19,68.53 4 1
github.com/matias-ziliotto/HackthonGo/internal/customer/service.go:68.53,70.5 1 1
github.com/matias-ziliotto/HackthonGo/internal/customer/service.go:74.25,76.3 1 0
github.com/matias-ziliotto/HackthonGo/internal/customer/service.go:80.16,82.3 1 0
github.com/matias-ziliotto/HackthonGo/internal/customer/service.go:87.114,90.16 2 1
github.com/matias-ziliotto/HackthonGo/internal/customer/service.go:94.2,94.39 1 1
github.com/matias-ziliotto/HackthonGo/internal/customer/service.go:90.16,92.3 1 1
github.com/matias-ziliotto/HackthonGo/internal/customer/service.go:97.119,100.16 2 1
github.com/matias-ziliotto/HackthonGo/internal/customer/service.go:104.2,104.38 1 1
github.com/matias-ziliotto/HackthonGo/internal/customer/service.go:100.16,102.3 1 1
